<?xml version="1.0" encoding="UTF-8"?>
<!-- Generated by org.testng.reporters.JUnitReportReporter -->
<testsuite hostname="LAPTOP-3PBEUFOV" failures="0" tests="1" name="Framework.SeleniumFramework.ExtentReportsDemo" time="3.689" errors="0" timestamp="2024-05-28T09:25:32 IST" skipped="0">
  <testcase classname="Framework.SeleniumFramework.ExtentReportsDemo" name="intialDemo" time="3.689"/>
  <system-out/>
</testsuite> <!-- Framework.SeleniumFramework.ExtentReportsDemo -->
